<?xml version="1.0" encoding="UTF-8"?>
<!-- Generated by org.testng.reporters.JUnitReportReporter -->
<testsuite hostname="hp252734T" failures="0" tests="1" name="testScript.DeleteAdminUser_Test" time="5.352" errors="0" timestamp="2024-08-27T20:09:14 IST" skipped="0">
  <testcase classname="testScript.DeleteAdminUser_Test" name="verifyUserIsAbleToDeleteUserFromList" time="5.352"/>
</testsuite> <!-- testScript.DeleteAdminUser_Test -->
