<?xml version="1.0" encoding="UTF-8"?>
<!-- Generated by org.testng.reporters.JUnitReportReporter -->
<testsuite hostname="hp252734T" failures="0" tests="2" name="testScript.DeleteAdminUser_Test" time="9.048" errors="0" timestamp="2024-09-18T09:59:28 IST" skipped="0">
  <testcase classname="testScript.DeleteAdminUser_Test" name="f" time="3.551"/>
  <testcase classname="testScript.DeleteAdminUser_Test" name="verifyUserIsAbleToDeleteUserFromList" time="5.497"/>
</testsuite> <!-- testScript.DeleteAdminUser_Test -->
