<?xml version="1.0" encoding="UTF-8"?>
<!-- Generated by org.testng.reporters.JUnitReportReporter -->
<testsuite hostname="hp252734T" failures="0" tests="3" name="testScript.LoginPage_Test" time="13.286" errors="0" timestamp="2024-08-24T10:42:29 IST" skipped="0">
  <testcase classname="testScript.LoginPage_Test" name="verifyUserIsAbleToLoginUsingValidCredentials" time="5.978"/>
  <system-out/>
  <testcase classname="testScript.LoginPage_Test" name="verifyUserIsAbleToLoginUsingInvalidUsernameValidPassword" time="4.543"/>
  <system-out/>
  <testcase classname="testScript.LoginPage_Test" name="verifyUserIsAbleToLoginUsingValidCredentials" time="2.765"/>
  <system-out/>
</testsuite> <!-- testScript.LoginPage_Test -->
