<?xml version="1.0" encoding="UTF-8"?>
<!-- Generated by org.testng.reporters.JUnitReportReporter -->
<testsuite hostname="hp252734T" failures="0" tests="2" name="testScript.AddNewCategory_Test" time="8.487" errors="0" timestamp="2024-09-18T09:59:28 IST" skipped="0">
  <testcase classname="testScript.AddNewCategory_Test" name="verifyUserAbleToAddNewCategory" time="5.530"/>
  <testcase classname="testScript.AddNewCategory_Test" name="f" time="2.957"/>
</testsuite> <!-- testScript.AddNewCategory_Test -->
