<?xml version="1.0" encoding="UTF-8"?>
<!-- Generated by org.testng.reporters.JUnitReportReporter -->
<testsuite hostname="hp252734T" failures="0" tests="1" name="testScript.LoginPage_Test" time="4.425" errors="0" timestamp="2024-08-26T21:12:51 IST" skipped="0">
  <testcase classname="testScript.LoginPage_Test" name="verifyUserIsAbleToLoginUsingInvalidUsernameValidPassword" time="4.425"/>
</testsuite> <!-- testScript.LoginPage_Test -->
